PHPUnit 6.1.3 by Sebastian Bergmann and contributors.

EEE                                                                 3 / 3 (100%)

Time: 16.06 seconds, Memory: 4.00MB

There were 3 errors:

1) fooTest::testEchoesName
Facebook\WebDriver\Exception\SessionNotCreatedException: InvalidArgumentError: Expected [object String] "{\"proxyAutoconfigUrl\":null,\"autodetect\":false,\"socksUsername\":null,\"socksPassword\":null,\"httpProxy\":\"127.0.0.1:8090\",\"proxyType\":\"MANUAL\",\"noProxy\":null,\"ftpProxy\":null,\"socksProxy\":null,\"hCode\":666269855,\"class\":\"org.openqa.selenium.Proxy\",\"sslProxy\":\"127.0.0.1:8090\"}" to be an object (WARNING: The server did not provide any stacktrace information)
Command duration or timeout: 0 milliseconds
Build info: version: '3.3.1', revision: '5234b32', time: '2017-03-10 09:04:52 -0800'
System info: host: 'test-jenkins', ip: '127.0.1.1', os.name: 'Linux', os.arch: 'amd64', os.version: '4.4.0-75-generic', java.version: '1.8.0_121'
Driver info: driver.version: FirefoxDriver

/home/test/ZapWorkshopAppsec2017/Access_To_Unit_Tests/vendor/facebook/webdriver/lib/Exception/WebDriverException.php:154
/home/test/ZapWorkshopAppsec2017/Access_To_Unit_Tests/vendor/facebook/webdriver/lib/Remote/HttpCommandExecutor.php:320
/home/test/ZapWorkshopAppsec2017/Access_To_Unit_Tests/vendor/facebook/webdriver/lib/Remote/RemoteWebDriver.php:126
/home/test/ZapWorkshopAppsec2017/Access_To_Unit_Tests/app/fooTest.php:33

2) fooTest::testEchoesSurname
Facebook\WebDriver\Exception\SessionNotCreatedException: InvalidArgumentError: Expected [object String] "{\"proxyAutoconfigUrl\":null,\"autodetect\":false,\"socksUsername\":null,\"socksPassword\":null,\"httpProxy\":\"127.0.0.1:8090\",\"proxyType\":\"MANUAL\",\"noProxy\":null,\"ftpProxy\":null,\"socksProxy\":null,\"hCode\":2116822958,\"class\":\"org.openqa.selenium.Proxy\",\"sslProxy\":\"127.0.0.1:8090\"}" to be an object (WARNING: The server did not provide any stacktrace information)
Command duration or timeout: 0 milliseconds
Build info: version: '3.3.1', revision: '5234b32', time: '2017-03-10 09:04:52 -0800'
System info: host: 'test-jenkins', ip: '127.0.1.1', os.name: 'Linux', os.arch: 'amd64', os.version: '4.4.0-75-generic', java.version: '1.8.0_121'
Driver info: driver.version: FirefoxDriver

/home/test/ZapWorkshopAppsec2017/Access_To_Unit_Tests/vendor/facebook/webdriver/lib/Exception/WebDriverException.php:154
/home/test/ZapWorkshopAppsec2017/Access_To_Unit_Tests/vendor/facebook/webdriver/lib/Remote/HttpCommandExecutor.php:320
/home/test/ZapWorkshopAppsec2017/Access_To_Unit_Tests/vendor/facebook/webdriver/lib/Remote/RemoteWebDriver.php:126
/home/test/ZapWorkshopAppsec2017/Access_To_Unit_Tests/app/fooTest.php:33

3) fooTest::testHidden
Facebook\WebDriver\Exception\SessionNotCreatedException: InvalidArgumentError: Expected [object String] "{\"proxyAutoconfigUrl\":null,\"autodetect\":false,\"socksUsername\":null,\"socksPassword\":null,\"httpProxy\":\"127.0.0.1:8090\",\"proxyType\":\"MANUAL\",\"noProxy\":null,\"ftpProxy\":null,\"socksProxy\":null,\"hCode\":1323282842,\"class\":\"org.openqa.selenium.Proxy\",\"sslProxy\":\"127.0.0.1:8090\"}" to be an object (WARNING: The server did not provide any stacktrace information)
Command duration or timeout: 0 milliseconds
Build info: version: '3.3.1', revision: '5234b32', time: '2017-03-10 09:04:52 -0800'
System info: host: 'test-jenkins', ip: '127.0.1.1', os.name: 'Linux', os.arch: 'amd64', os.version: '4.4.0-75-generic', java.version: '1.8.0_121'
Driver info: driver.version: FirefoxDriver

/home/test/ZapWorkshopAppsec2017/Access_To_Unit_Tests/vendor/facebook/webdriver/lib/Exception/WebDriverException.php:154
/home/test/ZapWorkshopAppsec2017/Access_To_Unit_Tests/vendor/facebook/webdriver/lib/Remote/HttpCommandExecutor.php:320
/home/test/ZapWorkshopAppsec2017/Access_To_Unit_Tests/vendor/facebook/webdriver/lib/Remote/RemoteWebDriver.php:126
/home/test/ZapWorkshopAppsec2017/Access_To_Unit_Tests/app/fooTest.php:33

ERRORS!
Tests: 3, Assertions: 0, Errors: 3.
